build/app/intermediates/manifest_merge_blame_file/release/manifest-merger-blame-release-report.txt
1<?xml version="1.0" encoding="utf-8"?>
2<manifest xmlns:android="http://schemas.android.com/apk/res/android"
3    package="com.erobot.erobot_app"
4    android:versionCode="2001"
5    android:versionName="1.0.0" >
6
7    <uses-sdk
8        android:minSdkVersion="23"
8-->src/main/AndroidManifest.xml
9        android:targetSdkVersion="28" />
9-->src/main/AndroidManifest.xml
10    <!--
11         io.flutter.app.FlutterApplication is an android.app.Application that
12         calls FlutterMain.startInitialization(this); in its onCreate method.
13         In most cases you can leave this as-is, but you if you want to provide
14         additional functionality it is fine to subclass or reimplement
15         FlutterApplication and put your custom class here.
16    -->
17    <uses-permission android:name="android.permission.READ_EXTERNAL_STORAGE" />
17-->src/main/AndroidManifest.xml:8:5-79
17-->src/main/AndroidManifest.xml:8:22-77
18    <uses-permission android:name="android.permission.INTERNET" />
18-->src/main/AndroidManifest.xml:9:5-66
18-->src/main/AndroidManifest.xml:9:22-64
19    <uses-permission android:name="android.permission.BLUETOOTH" />
19-->[:flutter_bluetooth_serial] AndroidManifest.xml:7:5-68
19-->[:flutter_bluetooth_serial] AndroidManifest.xml:7:22-65
20    <uses-permission android:name="android.permission.BLUETOOTH_ADMIN" />
20-->[:flutter_bluetooth_serial] AndroidManifest.xml:8:5-74
20-->[:flutter_bluetooth_serial] AndroidManifest.xml:8:22-71
21    <uses-permission android:name="android.permission.ACCESS_COARSE_LOCATION" /> <!-- Although the *SdkVersion is captured in gradle build files, this is required for non gradle builds -->
21-->[:flutter_bluetooth_serial] AndroidManifest.xml:9:5-81
21-->[:flutter_bluetooth_serial] AndroidManifest.xml:9:22-78
22    <!-- <uses-sdk android:minSdkVersion="14" /> -->
23    <uses-permission android:name="android.permission.ACCESS_NETWORK_STATE" />
23-->[com.google.firebase:firebase-firestore:21.4.3] AndroidManifest.xml:13:5-79
23-->[com.google.firebase:firebase-firestore:21.4.3] AndroidManifest.xml:13:22-76
24    <uses-permission android:name="android.permission.WAKE_LOCK" /> <!-- Required by older versions of Google Play services to create IID tokens -->
24-->[com.google.android.gms:play-services-measurement-api:17.4.1] AndroidManifest.xml:24:5-68
24-->[com.google.android.gms:play-services-measurement-api:17.4.1] AndroidManifest.xml:24:22-65
25    <uses-permission android:name="com.google.android.c2dm.permission.RECEIVE" />
25-->[com.google.firebase:firebase-iid:20.1.5] AndroidManifest.xml:26:5-82
25-->[com.google.firebase:firebase-iid:20.1.5] AndroidManifest.xml:26:22-79
26    <uses-permission android:name="com.google.android.finsky.permission.BIND_GET_INSTALL_REFERRER_SERVICE" />
26-->[com.google.android.gms:play-services-measurement:17.4.1] AndroidManifest.xml:26:5-110
26-->[com.google.android.gms:play-services-measurement:17.4.1] AndroidManifest.xml:26:22-107
27
28    <application
28-->src/main/AndroidManifest.xml:10:5-48:19
29        android:name="io.flutter.app.FlutterApplication"
29-->src/main/AndroidManifest.xml:11:9-57
30        android:appComponentFactory="androidx.core.app.CoreComponentFactory"
30-->[androidx.core:core:1.1.0] AndroidManifest.xml:24:18-86
31        android:icon="@mipmap/launcher_icon"
31-->src/main/AndroidManifest.xml:13:9-45
32        android:label="Erobot" >
32-->src/main/AndroidManifest.xml:12:9-31
33        <activity
33-->src/main/AndroidManifest.xml:14:9-42:20
34            android:name="com.erobot.erobot_app.MainActivity"
34-->src/main/AndroidManifest.xml:15:13-41
35            android:configChanges="orientation|keyboardHidden|keyboard|screenSize|smallestScreenSize|locale|layoutDirection|fontScale|screenLayout|density|uiMode"
35-->src/main/AndroidManifest.xml:18:13-163
36            android:hardwareAccelerated="true"
36-->src/main/AndroidManifest.xml:19:13-47
37            android:launchMode="singleTop"
37-->src/main/AndroidManifest.xml:16:13-43
38            android:theme="@style/LaunchTheme"
38-->src/main/AndroidManifest.xml:17:13-47
39            android:windowSoftInputMode="adjustResize" >
39-->src/main/AndroidManifest.xml:20:13-55
40
41            <!--
42                 Specifies an Android theme to apply to this Activity as soon as
43                 the Android process has started. This theme is visible to the user
44                 while the Flutter UI initializes. After that, this theme continues
45                 to determine the Window background behind the Flutter UI.
46            -->
47            <meta-data
47-->src/main/AndroidManifest.xml:25:13-28:17
48                android:name="io.flutter.embedding.android.NormalTheme"
48-->src/main/AndroidManifest.xml:26:15-70
49                android:resource="@style/NormalTheme" />
49-->src/main/AndroidManifest.xml:27:15-52
50            <!--
51                 Displays an Android View that continues showing the launch screen
52                 Drawable until Flutter paints its first frame, then this splash
53                 screen fades out. A splash screen is useful to avoid any visual
54                 gap between the end of Android's launch screen and the painting of
55                 Flutter's first frame.
56            -->
57            <meta-data
57-->src/main/AndroidManifest.xml:34:13-37:17
58                android:name="io.flutter.embedding.android.SplashScreenDrawable"
58-->src/main/AndroidManifest.xml:35:15-79
59                android:resource="@drawable/launch_background" />
59-->src/main/AndroidManifest.xml:36:15-61
60
61            <intent-filter>
61-->src/main/AndroidManifest.xml:38:13-41:29
62                <action android:name="android.intent.action.MAIN" />
62-->src/main/AndroidManifest.xml:39:17-68
62-->src/main/AndroidManifest.xml:39:25-66
63
64                <category android:name="android.intent.category.LAUNCHER" />
64-->src/main/AndroidManifest.xml:40:17-76
64-->src/main/AndroidManifest.xml:40:27-74
65            </intent-filter>
66        </activity>
67        <!--
68             Don't delete the meta-data below.
69             This is used by the Flutter tool to generate GeneratedPluginRegistrant.java
70        -->
71        <meta-data
71-->src/main/AndroidManifest.xml:45:9-47:33
72            android:name="flutterEmbedding"
72-->src/main/AndroidManifest.xml:46:13-44
73            android:value="2" />
73-->src/main/AndroidManifest.xml:47:13-30
74
75        <service
75-->[:cloud_firestore] AndroidManifest.xml:8:9-12:19
76            android:name="com.google.firebase.components.ComponentDiscoveryService"
76-->[:cloud_firestore] AndroidManifest.xml:8:18-89
77            android:directBootAware="true"
77-->[com.google.firebase:firebase-common:19.3.0] AndroidManifest.xml:34:13-43
78            android:exported="false" >
78-->[com.google.firebase:firebase-auth:19.3.1] AndroidManifest.xml:35:13-37
79            <meta-data
79-->[:cloud_firestore] AndroidManifest.xml:9:13-11:85
80                android:name="com.google.firebase.components:io.flutter.plugins.firebase.firestore.FlutterFirebaseFirestoreRegistrar"
80-->[:cloud_firestore] AndroidManifest.xml:10:17-134
81                android:value="com.google.firebase.components.ComponentRegistrar" />
81-->[:cloud_firestore] AndroidManifest.xml:11:17-82
82            <meta-data
82-->[:firebase_auth] AndroidManifest.xml:9:13-11:85
83                android:name="com.google.firebase.components:io.flutter.plugins.firebase.auth.FlutterFirebaseAuthRegistrar"
83-->[:firebase_auth] AndroidManifest.xml:10:17-124
84                android:value="com.google.firebase.components.ComponentRegistrar" />
84-->[:firebase_auth] AndroidManifest.xml:11:17-82
85            <meta-data
85-->[:firebase_core] AndroidManifest.xml:9:13-11:85
86                android:name="com.google.firebase.components:io.flutter.plugins.firebase.core.FlutterFirebaseCoreRegistrar"
86-->[:firebase_core] AndroidManifest.xml:10:17-124
87                android:value="com.google.firebase.components.ComponentRegistrar" />
87-->[:firebase_core] AndroidManifest.xml:11:17-82
88            <meta-data
88-->[com.google.firebase:firebase-auth:19.3.1] AndroidManifest.xml:36:13-38:85
89                android:name="com.google.firebase.components:com.google.firebase.auth.FirebaseAuthRegistrar"
89-->[com.google.firebase:firebase-auth:19.3.1] AndroidManifest.xml:37:17-109
90                android:value="com.google.firebase.components.ComponentRegistrar" />
90-->[com.google.firebase:firebase-auth:19.3.1] AndroidManifest.xml:38:17-82
91            <meta-data
91-->[com.google.firebase:firebase-firestore:21.4.3] AndroidManifest.xml:20:13-22:85
92                android:name="com.google.firebase.components:com.google.firebase.firestore.FirestoreRegistrar"
92-->[com.google.firebase:firebase-firestore:21.4.3] AndroidManifest.xml:21:17-111
93                android:value="com.google.firebase.components.ComponentRegistrar" />
93-->[com.google.firebase:firebase-firestore:21.4.3] AndroidManifest.xml:22:17-82
94            <meta-data
94-->[com.google.android.gms:play-services-measurement-api:17.4.1] AndroidManifest.xml:30:13-32:85
95                android:name="com.google.firebase.components:com.google.firebase.analytics.connector.internal.AnalyticsConnectorRegistrar"
95-->[com.google.android.gms:play-services-measurement-api:17.4.1] AndroidManifest.xml:31:17-139
96                android:value="com.google.firebase.components.ComponentRegistrar" />
96-->[com.google.android.gms:play-services-measurement-api:17.4.1] AndroidManifest.xml:32:17-82
97            <meta-data
97-->[com.google.firebase:firebase-iid:20.1.5] AndroidManifest.xml:32:13-34:85
98                android:name="com.google.firebase.components:com.google.firebase.iid.Registrar"
98-->[com.google.firebase:firebase-iid:20.1.5] AndroidManifest.xml:33:17-96
99                android:value="com.google.firebase.components.ComponentRegistrar" />
99-->[com.google.firebase:firebase-iid:20.1.5] AndroidManifest.xml:34:17-82
100            <meta-data
100-->[com.google.firebase:firebase-installations:16.2.1] AndroidManifest.xml:17:13-19:85
101                android:name="com.google.firebase.components:com.google.firebase.installations.FirebaseInstallationsRegistrar"
101-->[com.google.firebase:firebase-installations:16.2.1] AndroidManifest.xml:18:17-127
102                android:value="com.google.firebase.components.ComponentRegistrar" />
102-->[com.google.firebase:firebase-installations:16.2.1] AndroidManifest.xml:19:17-82
103        </service>
104
105        <activity
105-->[com.google.firebase:firebase-auth:19.3.1] AndroidManifest.xml:24:9-31:50
106            android:name="com.google.firebase.auth.internal.FederatedSignInActivity"
106-->[com.google.firebase:firebase-auth:19.3.1] AndroidManifest.xml:25:13-85
107            android:excludeFromRecents="true"
107-->[com.google.firebase:firebase-auth:19.3.1] AndroidManifest.xml:26:13-46
108            android:exported="true"
108-->[com.google.firebase:firebase-auth:19.3.1] AndroidManifest.xml:27:13-36
109            android:launchMode="singleTask"
109-->[com.google.firebase:firebase-auth:19.3.1] AndroidManifest.xml:28:13-44
110            android:permission="com.google.firebase.auth.api.gms.permission.LAUNCH_FEDERATED_SIGN_IN"
110-->[com.google.firebase:firebase-auth:19.3.1] AndroidManifest.xml:29:13-102
111            android:theme="@android:style/Theme.Translucent.NoTitleBar" />
111-->[com.google.firebase:firebase-auth:19.3.1] AndroidManifest.xml:30:13-72
112
113        <receiver
113-->[com.google.firebase:firebase-iid:20.1.5] AndroidManifest.xml:37:9-44:20
114            android:name="com.google.firebase.iid.FirebaseInstanceIdReceiver"
114-->[com.google.firebase:firebase-iid:20.1.5] AndroidManifest.xml:38:13-78
115            android:exported="true"
115-->[com.google.firebase:firebase-iid:20.1.5] AndroidManifest.xml:39:13-36
116            android:permission="com.google.android.c2dm.permission.SEND" >
116-->[com.google.firebase:firebase-iid:20.1.5] AndroidManifest.xml:40:13-73
117            <intent-filter>
117-->[com.google.firebase:firebase-iid:20.1.5] AndroidManifest.xml:41:13-43:29
118                <action android:name="com.google.android.c2dm.intent.RECEIVE" />
118-->[com.google.firebase:firebase-iid:20.1.5] AndroidManifest.xml:42:17-81
118-->[com.google.firebase:firebase-iid:20.1.5] AndroidManifest.xml:42:25-78
119            </intent-filter>
120        </receiver>
121
122        <activity
122-->[com.google.android.gms:play-services-base:17.1.0] AndroidManifest.xml:23:9-26:75
123            android:name="com.google.android.gms.common.api.GoogleApiActivity"
123-->[com.google.android.gms:play-services-base:17.1.0] AndroidManifest.xml:24:13-79
124            android:exported="false"
124-->[com.google.android.gms:play-services-base:17.1.0] AndroidManifest.xml:25:13-37
125            android:theme="@android:style/Theme.Translucent.NoTitleBar" />
125-->[com.google.android.gms:play-services-base:17.1.0] AndroidManifest.xml:26:13-72
126
127        <provider
127-->[com.google.firebase:firebase-common:19.3.0] AndroidManifest.xml:26:9-30:39
128            android:name="com.google.firebase.provider.FirebaseInitProvider"
128-->[com.google.firebase:firebase-common:19.3.0] AndroidManifest.xml:27:13-77
129            android:authorities="com.erobot.erobot_app.firebaseinitprovider"
129-->[com.google.firebase:firebase-common:19.3.0] AndroidManifest.xml:28:13-72
130            android:exported="false"
130-->[com.google.firebase:firebase-common:19.3.0] AndroidManifest.xml:29:13-37
131            android:initOrder="100" />
131-->[com.google.firebase:firebase-common:19.3.0] AndroidManifest.xml:30:13-36
132
133        <receiver
133-->[com.google.android.gms:play-services-measurement:17.4.1] AndroidManifest.xml:29:9-33:20
134            android:name="com.google.android.gms.measurement.AppMeasurementReceiver"
134-->[com.google.android.gms:play-services-measurement:17.4.1] AndroidManifest.xml:30:13-85
135            android:enabled="true"
135-->[com.google.android.gms:play-services-measurement:17.4.1] AndroidManifest.xml:31:13-35
136            android:exported="false" >
136-->[com.google.android.gms:play-services-measurement:17.4.1] AndroidManifest.xml:32:13-37
137        </receiver>
138
139        <service
139-->[com.google.android.gms:play-services-measurement:17.4.1] AndroidManifest.xml:35:9-38:40
140            android:name="com.google.android.gms.measurement.AppMeasurementService"
140-->[com.google.android.gms:play-services-measurement:17.4.1] AndroidManifest.xml:36:13-84
141            android:enabled="true"
141-->[com.google.android.gms:play-services-measurement:17.4.1] AndroidManifest.xml:37:13-35
142            android:exported="false" />
142-->[com.google.android.gms:play-services-measurement:17.4.1] AndroidManifest.xml:38:13-37
143        <service
143-->[com.google.android.gms:play-services-measurement:17.4.1] AndroidManifest.xml:39:9-43:72
144            android:name="com.google.android.gms.measurement.AppMeasurementJobService"
144-->[com.google.android.gms:play-services-measurement:17.4.1] AndroidManifest.xml:40:13-87
145            android:enabled="true"
145-->[com.google.android.gms:play-services-measurement:17.4.1] AndroidManifest.xml:41:13-35
146            android:exported="false"
146-->[com.google.android.gms:play-services-measurement:17.4.1] AndroidManifest.xml:42:13-37
147            android:permission="android.permission.BIND_JOB_SERVICE" />
147-->[com.google.android.gms:play-services-measurement:17.4.1] AndroidManifest.xml:43:13-69
148
149        <meta-data
149-->[com.google.android.gms:play-services-basement:17.0.0] AndroidManifest.xml:23:9-25:69
150            android:name="com.google.android.gms.version"
150-->[com.google.android.gms:play-services-basement:17.0.0] AndroidManifest.xml:24:13-58
151            android:value="@integer/google_play_services_version" />
151-->[com.google.android.gms:play-services-basement:17.0.0] AndroidManifest.xml:25:13-66
152    </application>
153
154</manifest>